This file contains any messages produced by compilers while
running configure, to aid debugging if configure makes a mistake.

It was created by configure, which was
generated by GNU Autoconf 2.57.  Invocation command line was

  $ ./configure 

## --------- ##
## Platform. ##
## --------- ##

hostname = firebird
uname -m = x86_64
uname -r = 2.6.8
uname -s = Linux
uname -v = #5 SMP Fri Nov 26 04:28:47 CST 2004

/usr/bin/uname -p = 4
/bin/uname -X     = unknown

/bin/arch              = x86_64
/usr/bin/arch -k       = unknown
/usr/convex/getsysinfo = unknown
hostinfo               = unknown
/bin/machine           = unknown
/usr/bin/oslevel       = unknown
/bin/universe          = unknown

PATH: /home/arty/bin
PATH: /bin
PATH: /usr/bin
PATH: /usr/local/bin
PATH: /opt/bin
PATH: /usr/x86_64-pc-linux-gnu/gcc-bin/3.3
PATH: /usr/X11R6/bin
PATH: /opt/blackdown-jdk-1.4.2_rc1/bin
PATH: /opt/blackdown-jdk-1.4.2_rc1/jre/bin
PATH: /usr/qt/3/bin
PATH: /usr/kde/3.2/bin
PATH: /usr/games/bin
PATH: /usr/local/bin
PATH: /usr/local/j2sdk1.3/bin
PATH: /usr/local/ros/bin


## ----------- ##
## Core tests. ##
## ----------- ##

configure:1307: checking for gcc
configure:1333: result: gcc
configure:1577: checking for C compiler version
configure:1580: gcc --version </dev/null >&5
gcc (GCC) 3.3.4 20040623 (Gentoo Linux 3.3.4-r1, ssp-3.3.2-2, pie-8.7.6)
Copyright (C) 2003 Free Software Foundation, Inc.
This is free software; see the source for copying conditions.  There is NO
warranty; not even for MERCHANTABILITY or FITNESS FOR A PARTICULAR PURPOSE.

configure:1583: $? = 0
configure:1585: gcc -v </dev/null >&5
Reading specs from /usr/lib/gcc-lib/x86_64-pc-linux-gnu/3.3.4/specs
Configured with: /var/tmp/portage/gcc-3.3.4-r1/work/gcc-3.3.4/configure --prefix=/usr --bindir=/usr/x86_64-pc-linux-gnu/gcc-bin/3.3 --includedir=/usr/lib/gcc-lib/x86_64-pc-linux-gnu/3.3.4/include --datadir=/usr/share/gcc-data/x86_64-pc-linux-gnu/3.3 --mandir=/usr/share/gcc-data/x86_64-pc-linux-gnu/3.3/man --infodir=/usr/share/gcc-data/x86_64-pc-linux-gnu/3.3/info --enable-shared --host=x86_64-pc-linux-gnu --target=x86_64-pc-linux-gnu --with-system-zlib --enable-languages=c,c++,f77 --enable-threads=posix --enable-long-long --disable-checking --disable-libunwind-exceptions --enable-cstdio=stdio --enable-version-specific-runtime-libs --with-gxx-include-dir=/usr/lib/gcc-lib/x86_64-pc-linux-gnu/3.3.4/include/g++-v3 --with-local-prefix=/usr/local --enable-shared --enable-nls --without-included-gettext --disable-multilib --enable-__cxa_atexit --enable-clocale=generic
Thread model: posix
gcc version 3.3.4 20040623 (Gentoo Linux 3.3.4-r1, ssp-3.3.2-2, pie-8.7.6)
configure:1588: $? = 0
configure:1590: gcc -V </dev/null >&5
gcc: `-V' option must have argument
configure:1593: $? = 1
configure:1617: checking for C compiler default output
configure:1620: gcc -fPIC  -fPIC conftest.c  >&5
configure:1623: $? = 0
configure:1669: result: a.out
configure:1674: checking whether the C compiler works
configure:1680: ./a.out
configure:1683: $? = 0
configure:1700: result: yes
configure:1707: checking whether we are cross compiling
configure:1709: result: no
configure:1712: checking for suffix of executables
configure:1714: gcc -o conftest -fPIC  -fPIC conftest.c  >&5
configure:1717: $? = 0
configure:1742: result: 
configure:1748: checking for suffix of object files
configure:1770: gcc -c -fPIC  conftest.c >&5
configure:1773: $? = 0
configure:1795: result: o
configure:1799: checking whether we are using the GNU C compiler
configure:1824: gcc -c -fPIC  conftest.c >&5
configure:1827: $? = 0
configure:1830: test -s conftest.o
configure:1833: $? = 0
configure:1846: result: yes
configure:1852: checking whether gcc accepts -g
configure:1874: gcc -c -g  conftest.c >&5
configure:1877: $? = 0
configure:1880: test -s conftest.o
configure:1883: $? = 0
configure:1894: result: yes
configure:1911: checking for gcc option to accept ANSI C
configure:1972: gcc  -c -fPIC  conftest.c >&5
configure:1975: $? = 0
configure:1978: test -s conftest.o
configure:1981: $? = 0
configure:1999: result: none needed
configure:2017: gcc -c -fPIC  conftest.c >&5
conftest.c:2: error: syntax error before "me"
configure:2020: $? = 1
configure: failed program was:
| #ifndef __cplusplus
|   choke me
| #endif
configure:2131: checking for main in -lpython
configure:2156: gcc -o conftest -fPIC  -fPIC conftest.c -lpython   >&5
/usr/lib/gcc-lib/x86_64-pc-linux-gnu/3.3.4/../../../../x86_64-pc-linux-gnu/bin/ld: cannot find -lpython
collect2: ld returned 1 exit status
configure:2159: $? = 1
configure: failed program was:
| #line 2138 "configure"
| /* confdefs.h.  */
| 
| #define PACKAGE_NAME ""
| #define PACKAGE_TARNAME ""
| #define PACKAGE_VERSION ""
| #define PACKAGE_STRING ""
| #define PACKAGE_BUGREPORT ""
| /* end confdefs.h.  */
| 
| 
| int
| main ()
| {
| main ();
|   ;
|   return 0;
| }
configure:2177: result: no
configure:2194: checking how to run the C preprocessor
configure:2230: gcc -E  conftest.c
configure:2236: $? = 0
configure:2268: gcc -E  conftest.c
configure:2267:28: ac_nonexistent.h: No such file or directory
configure:2274: $? = 1
configure: failed program was:
| #line 2259 "configure"
| /* confdefs.h.  */
| 
| #define PACKAGE_NAME ""
| #define PACKAGE_TARNAME ""
| #define PACKAGE_VERSION ""
| #define PACKAGE_STRING ""
| #define PACKAGE_BUGREPORT ""
| /* end confdefs.h.  */
| #include <ac_nonexistent.h>
configure:2312: result: gcc -E
configure:2337: gcc -E  conftest.c
configure:2343: $? = 0
configure:2375: gcc -E  conftest.c
configure:2374:28: ac_nonexistent.h: No such file or directory
configure:2381: $? = 1
configure: failed program was:
| #line 2366 "configure"
| /* confdefs.h.  */
| 
| #define PACKAGE_NAME ""
| #define PACKAGE_TARNAME ""
| #define PACKAGE_VERSION ""
| #define PACKAGE_STRING ""
| #define PACKAGE_BUGREPORT ""
| /* end confdefs.h.  */
| #include <ac_nonexistent.h>
configure:2424: checking for egrep
configure:2434: result: grep -E
configure:2439: checking for ANSI C header files
configure:2465: gcc -c -fPIC  conftest.c >&5
configure:2468: $? = 0
configure:2471: test -s conftest.o
configure:2474: $? = 0
configure:2563: gcc -o conftest -fPIC  -fPIC conftest.c  >&5
configure:2566: $? = 0
configure:2568: ./conftest
configure:2571: $? = 0
configure:2586: result: yes
configure:2610: checking for sys/types.h
configure:2627: gcc -c -fPIC  conftest.c >&5
configure:2630: $? = 0
configure:2633: test -s conftest.o
configure:2636: $? = 0
configure:2647: result: yes
configure:2610: checking for sys/stat.h
configure:2627: gcc -c -fPIC  conftest.c >&5
configure:2630: $? = 0
configure:2633: test -s conftest.o
configure:2636: $? = 0
configure:2647: result: yes
configure:2610: checking for stdlib.h
configure:2627: gcc -c -fPIC  conftest.c >&5
configure:2630: $? = 0
configure:2633: test -s conftest.o
configure:2636: $? = 0
configure:2647: result: yes
configure:2610: checking for string.h
configure:2627: gcc -c -fPIC  conftest.c >&5
configure:2630: $? = 0
configure:2633: test -s conftest.o
configure:2636: $? = 0
configure:2647: result: yes
configure:2610: checking for memory.h
configure:2627: gcc -c -fPIC  conftest.c >&5
configure:2630: $? = 0
configure:2633: test -s conftest.o
configure:2636: $? = 0
configure:2647: result: yes
configure:2610: checking for strings.h
configure:2627: gcc -c -fPIC  conftest.c >&5
configure:2630: $? = 0
configure:2633: test -s conftest.o
configure:2636: $? = 0
configure:2647: result: yes
configure:2610: checking for inttypes.h
configure:2627: gcc -c -fPIC  conftest.c >&5
configure:2630: $? = 0
configure:2633: test -s conftest.o
configure:2636: $? = 0
configure:2647: result: yes
configure:2610: checking for stdint.h
configure:2627: gcc -c -fPIC  conftest.c >&5
configure:2630: $? = 0
configure:2633: test -s conftest.o
configure:2636: $? = 0
configure:2647: result: yes
configure:2610: checking for unistd.h
configure:2627: gcc -c -fPIC  conftest.c >&5
configure:2630: $? = 0
configure:2633: test -s conftest.o
configure:2636: $? = 0
configure:2647: result: yes
configure:2664: checking for unistd.h
configure:2669: result: yes
configure:2802: checking for an ANSI C-conforming const
configure:2870: gcc -c -fPIC  conftest.c >&5
configure:2873: $? = 0
configure:2876: test -s conftest.o
configure:2879: $? = 0
configure:2890: result: yes
configure:2901: checking for ANSI C header files
configure:3048: result: yes
configure:3080: checking for python
configure:3098: found /usr/bin/python
configure:3110: result: /usr/bin/python
configure:3135: checking for Python header files
configure:3148: result: found
configure:3152: checking for Python library
configure:3180: result: found
configure:3191: checking for ldd
configure:3209: found /usr/bin/ldd
configure:3221: result: /usr/bin/ldd
configure:3228: checking for Python's dependencies
configure:3384: creating ./config.status

## ---------------------- ##
## Running config.status. ##
## ---------------------- ##

This file was extended by config.status, which was
generated by GNU Autoconf 2.57.  Invocation command line was

  CONFIG_FILES    = 
  CONFIG_HEADERS  = 
  CONFIG_LINKS    = 
  CONFIG_COMMANDS = 
  $ ./config.status 

on firebird

config.status:604: creating Makefile

## ---------------- ##
## Cache variables. ##
## ---------------- ##

ac_cv_c_compiler_gnu=yes
ac_cv_c_const=yes
ac_cv_env_CC_set=set
ac_cv_env_CC_value=gcc
ac_cv_env_CFLAGS_set=set
ac_cv_env_CFLAGS_value=-fPIC
ac_cv_env_CPPFLAGS_set=
ac_cv_env_CPPFLAGS_value=
ac_cv_env_CPP_set=
ac_cv_env_CPP_value=
ac_cv_env_LDFLAGS_set=set
ac_cv_env_LDFLAGS_value=-fPIC
ac_cv_env_build_alias_set=
ac_cv_env_build_alias_value=
ac_cv_env_host_alias_set=
ac_cv_env_host_alias_value=
ac_cv_env_target_alias_set=
ac_cv_env_target_alias_value=
ac_cv_exeext=
ac_cv_header_inttypes_h=yes
ac_cv_header_memory_h=yes
ac_cv_header_stdc=yes
ac_cv_header_stdint_h=yes
ac_cv_header_stdlib_h=yes
ac_cv_header_string_h=yes
ac_cv_header_strings_h=yes
ac_cv_header_sys_stat_h=yes
ac_cv_header_sys_types_h=yes
ac_cv_header_unistd_h=yes
ac_cv_lib_python_main=no
ac_cv_objext=o
ac_cv_path_PYPACKAGE=/usr/bin/python
ac_cv_path_haveldd=/usr/bin/ldd
ac_cv_prog_CPP='gcc -E'
ac_cv_prog_ac_ct_CC=gcc
ac_cv_prog_cc_g=yes
ac_cv_prog_cc_stdc=
ac_cv_prog_egrep='grep -E'

## ----------------- ##
## Output variables. ##
## ----------------- ##

CC='gcc'
CFLAGS='-fPIC'
CPP='gcc -E'
CPPFLAGS=''
DEFS='-DPACKAGE_NAME=\"\" -DPACKAGE_TARNAME=\"\" -DPACKAGE_VERSION=\"\" -DPACKAGE_STRING=\"\" -DPACKAGE_BUGREPORT=\"\" -DSTDC_HEADERS=1 -DHAVE_SYS_TYPES_H=1 -DHAVE_SYS_STAT_H=1 -DHAVE_STDLIB_H=1 -DHAVE_STRING_H=1 -DHAVE_MEMORY_H=1 -DHAVE_STRINGS_H=1 -DHAVE_INTTYPES_H=1 -DHAVE_STDINT_H=1 -DHAVE_UNISTD_H=1 -DHAVE_UNISTD_H=1 -DSTDC_HEADERS=1 '
ECHO_C=''
ECHO_N='-n'
ECHO_T=''
EGREP='grep -E'
EXEEXT=''
LDFLAGS='-fPIC'
LIBOBJS=''
LIBS=''
LTLIBOBJS=''
OBJEXT='o'
PACKAGE_BUGREPORT=''
PACKAGE_NAME=''
PACKAGE_STRING=''
PACKAGE_TARNAME=''
PACKAGE_VERSION=''
PATH_SEPARATOR=':'
PYPACKAGE='/usr/bin/python'
PY_LIBS='-cclib -L/usr/lib/python2.3/config -cclib -lpython2.3   -cclib "-lpython2.3" -cclib "-lpthread" -cclib "-ldl" -cclib "-lutil" -cclib "-lm" -cclib "-lc"'
PY_PREFIX='/usr'
PY_VERSION='2.3'
SHELL='/bin/sh'
ac_ct_CC='gcc'
bindir='${exec_prefix}/bin'
build_alias=''
datadir='${prefix}/share'
exec_prefix='${prefix}'
haveldd='/usr/bin/ldd'
host_alias=''
includedir='${prefix}/include'
infodir='${prefix}/info'
libdir='${exec_prefix}/lib'
libexecdir='${exec_prefix}/libexec'
localstatedir='${prefix}/var'
mandir='${prefix}/man'
oldincludedir='/usr/include'
prefix='/usr/local'
program_transform_name='s,x,x,'
sbindir='${exec_prefix}/sbin'
sharedstatedir='${prefix}/com'
sysconfdir='${prefix}/etc'
target_alias=''

## ----------- ##
## confdefs.h. ##
## ----------- ##

#define HAVE_INTTYPES_H 1
#define HAVE_MEMORY_H 1
#define HAVE_STDINT_H 1
#define HAVE_STDLIB_H 1
#define HAVE_STRINGS_H 1
#define HAVE_STRING_H 1
#define HAVE_SYS_STAT_H 1
#define HAVE_SYS_TYPES_H 1
#define HAVE_UNISTD_H 1
#define HAVE_UNISTD_H 1
#define PACKAGE_BUGREPORT ""
#define PACKAGE_NAME ""
#define PACKAGE_STRING ""
#define PACKAGE_TARNAME ""
#define PACKAGE_VERSION ""
#define STDC_HEADERS 1
#define STDC_HEADERS 1

configure: exit 0
